  Clustering.cpp
c:\users\kbasa\source\repos\clustering\clustering\kmeans++.cpp(21): warning C4018: '<': signed/unsigned mismatch
c:\users\kbasa\source\repos\clustering\clustering\kmeans++.cpp(37): warning C4018: '<': signed/unsigned mismatch
c:\users\kbasa\source\repos\clustering\clustering\kmeans++.cpp(39): warning C4018: '<': signed/unsigned mismatch
c:\users\kbasa\source\repos\clustering\clustering\kmeans++.cpp(47): warning C4018: '<': signed/unsigned mismatch
c:\users\kbasa\source\repos\clustering\clustering\kmeans++.cpp(50): warning C4018: '<': signed/unsigned mismatch
c:\users\kbasa\source\repos\clustering\clustering\kmeans++.cpp(54): warning C4018: '<': signed/unsigned mismatch
c:\users\kbasa\source\repos\clustering\clustering\kmeans++.cpp(64): warning C4018: '<': signed/unsigned mismatch
c:\users\kbasa\source\repos\clustering\clustering\kmeans++.cpp(69): warning C4018: '<': signed/unsigned mismatch
c:\users\kbasa\source\repos\clustering\clustering\kmeans++.cpp(70): warning C4018: '<': signed/unsigned mismatch
c:\users\kbasa\source\repos\clustering\clustering\kmeans++.cpp(95): warning C4018: '<': signed/unsigned mismatch
c:\users\kbasa\source\repos\clustering\clustering\kmeans++.cpp(98): warning C4018: '<': signed/unsigned mismatch
c:\users\kbasa\source\repos\clustering\clustering\kmeans++.cpp(102): warning C4018: '<': signed/unsigned mismatch
c:\users\kbasa\source\repos\clustering\clustering\kmeans++.cpp(116): warning C4018: '<': signed/unsigned mismatch
c:\users\kbasa\source\repos\clustering\clustering\kmeans++.cpp(126): warning C4018: '<': signed/unsigned mismatch
c:\users\kbasa\source\repos\clustering\clustering\kmeans++.cpp(144): warning C4018: '<': signed/unsigned mismatch
c:\users\kbasa\source\repos\clustering\clustering\kmeans++.cpp(154): warning C4018: '<': signed/unsigned mismatch
c:\users\kbasa\source\repos\clustering\clustering\kmeans++.cpp(158): warning C4018: '<': signed/unsigned mismatch
c:\users\kbasa\source\repos\clustering\clustering\kmeans++.cpp(163): warning C4018: '<': signed/unsigned mismatch
c:\users\kbasa\source\repos\clustering\clustering\kmeans++.cpp(174): warning C4018: '<': signed/unsigned mismatch
c:\users\kbasa\source\repos\clustering\clustering\kmeans++.cpp(139): warning C4102: 'std': unreferenced label
c:\users\kbasa\source\repos\clustering\clustering\kmeans++.cpp(206): warning C4018: '<': signed/unsigned mismatch
c:\users\kbasa\source\repos\clustering\clustering\kmeans++.cpp(216): warning C4018: '<': signed/unsigned mismatch
c:\users\kbasa\source\repos\clustering\clustering\kmeans++.cpp(220): warning C4018: '<': signed/unsigned mismatch
c:\users\kbasa\source\repos\clustering\clustering\kmeans++.cpp(225): warning C4018: '<': signed/unsigned mismatch
c:\users\kbasa\source\repos\clustering\clustering\kmeans++.cpp(245): warning C4018: '<': signed/unsigned mismatch
c:\users\kbasa\source\repos\clustering\clustering\kmeans++.cpp(201): warning C4102: 'std': unreferenced label
c:\users\kbasa\source\repos\clustering\clustering\kmeans++.cpp(300): warning C4018: '<': signed/unsigned mismatch
c:\users\kbasa\source\repos\clustering\clustering\clustering.cpp(86): warning C4018: '<': signed/unsigned mismatch
c:\users\kbasa\source\repos\clustering\clustering\clustering.cpp(92): warning C4018: '<': signed/unsigned mismatch
c:\users\kbasa\source\repos\clustering\clustering\clustering.cpp(93): warning C4018: '<': signed/unsigned mismatch
c:\users\kbasa\source\repos\clustering\clustering\clustering.cpp(99): warning C4018: '<': signed/unsigned mismatch
c:\users\kbasa\source\repos\clustering\clustering\clustering.cpp(129): warning C4018: '<': signed/unsigned mismatch
c:\users\kbasa\source\repos\clustering\clustering\clustering.cpp(132): warning C4018: '<': signed/unsigned mismatch
c:\users\kbasa\source\repos\clustering\clustering\clustering.cpp(167): warning C4018: '<': signed/unsigned mismatch
c:\users\kbasa\source\repos\clustering\clustering\clustering.cpp(170): warning C4018: '<': signed/unsigned mismatch
c:\users\kbasa\source\repos\clustering\clustering\clustering.cpp(205): warning C4018: '<': signed/unsigned mismatch
c:\users\kbasa\source\repos\clustering\clustering\clustering.cpp(206): warning C4018: '<': signed/unsigned mismatch
c:\users\kbasa\source\repos\clustering\clustering\clustering.cpp(227): warning C4018: '<': signed/unsigned mismatch
c:\users\kbasa\source\repos\clustering\clustering\clustering.cpp(228): warning C4018: '<': signed/unsigned mismatch
c:\users\kbasa\source\repos\clustering\clustering\clustering.cpp(252): warning C4018: '<': signed/unsigned mismatch
c:\users\kbasa\source\repos\clustering\clustering\clustering.cpp(253): warning C4018: '<': signed/unsigned mismatch
c:\users\kbasa\source\repos\clustering\clustering\clustering.cpp(297): warning C4018: '<': signed/unsigned mismatch
c:\users\kbasa\source\repos\clustering\clustering\clustering.cpp(300): warning C4018: '<': signed/unsigned mismatch
c:\users\kbasa\source\repos\clustering\clustering\clustering.cpp(301): warning C4018: '<': signed/unsigned mismatch
c:\users\kbasa\source\repos\clustering\clustering\clustering.cpp(303): warning C4018: '<': signed/unsigned mismatch
c:\users\kbasa\source\repos\clustering\clustering\clustering.cpp(307): warning C4018: '<': signed/unsigned mismatch
c:\users\kbasa\source\repos\clustering\clustering\clustering.cpp(335): warning C4018: '<': signed/unsigned mismatch
c:\users\kbasa\source\repos\clustering\clustering\clustering.cpp(343): warning C4018: '<': signed/unsigned mismatch
c:\users\kbasa\source\repos\clustering\clustering\clustering.cpp(346): warning C4018: '<': signed/unsigned mismatch
c:\users\kbasa\source\repos\clustering\clustering\clustering.cpp(394): warning C4018: '>': signed/unsigned mismatch
c:\users\kbasa\source\repos\clustering\clustering\clustering.cpp(400): warning C4018: '>': signed/unsigned mismatch
c:\users\kbasa\source\repos\clustering\clustering\clustering.cpp(406): warning C4018: '>': signed/unsigned mismatch
c:\users\kbasa\source\repos\clustering\clustering\clustering.cpp(439): warning C4018: '<': signed/unsigned mismatch
  Clustering.vcxproj -> C:\Users\kbasa\source\repos\Clustering\Debug\Clustering.exe
